2013/11/25 17:30:13 [error] [php] imagejpeg() [<a href='function.imagejpeg'>function.imagejpeg</a>]: Unable to open '..http://localhost:8088/anujain/matrimony/resources/membersphoto/BJM0070_YzhDH_P.jpg' for writing: Invalid argument (E:\wamp\www\anujain\admin\protected\controllers\MatrimonyMembersController.php:319)
Stack trace:
#0 E:\wamp\www\anujain\framework\web\actions\CAction.php(107): ReflectionMethod->invokeArgs()
#1 E:\wamp\www\anujain\framework\web\actions\CInlineAction.php(48): CInlineAction->runWithParamsInternal()
#2 E:\wamp\www\anujain\framework\web\CController.php(309): CInlineAction->runWithParams()
#3 E:\wamp\www\anujain\framework\web\filters\CFilterChain.php(134): MatrimonyMembersController->runAction()
#4 E:\wamp\www\anujain\framework\web\filters\CFilter.php(41): CFilterChain->run()
#5 E:\wamp\www\anujain\framework\web\CController.php(1146): CAccessControlFilter->filter()
#6 E:\wamp\www\anujain\framework\web\filters\CInlineFilter.php(59): MatrimonyMembersController->filterAccessControl()
#7 E:\wamp\www\anujain\framework\web\filters\CFilterChain.php(131): CInlineFilter->filter()
#8 E:\wamp\www\anujain\framework\web\CController.php(292): CFilterChain->run()
#9 E:\wamp\www\anujain\framework\web\CController.php(266): MatrimonyMembersController->runActionWithFilters()
#10 E:\wamp\www\anujain\framework\web\CWebApplication.php(276): MatrimonyMembersController->run()
#11 E:\wamp\www\anujain\framework\web\CWebApplication.php(135): CWebApplication->runController()
#12 E:\wamp\www\anujain\framework\base\CApplication.php(162): CWebApplication->processRequest()
#13 E:\wamp\www\anujain\admin\index.php(11): CWebApplication->run()
REQUEST_URI=/anujain/admin/index.php/matrimonyMembers/update/id/75
2013/11/25 17:37:59 [error] [php] move_uploaded_file(E:\wamp\www\anujain/resources/temp/1385401079.jpg) [<a href='function.move-uploaded-file'>function.move-uploaded-file</a>]: failed to open stream: No such file or directory (E:\wamp\www\anujain\admin\protected\controllers\MatrimonyMembersController.php:427)
Stack trace:
#0 E:\wamp\www\anujain\framework\web\CController.php(309): CInlineAction->runWithParams()
#1 E:\wamp\www\anujain\framework\web\filters\CFilterChain.php(134): MatrimonyMembersController->runAction()
#2 E:\wamp\www\anujain\framework\web\filters\CFilter.php(41): CFilterChain->run()
#3 E:\wamp\www\anujain\framework\web\CController.php(1146): CAccessControlFilter->filter()
#4 E:\wamp\www\anujain\framework\web\filters\CInlineFilter.php(59): MatrimonyMembersController->filterAccessControl()
#5 E:\wamp\www\anujain\framework\web\filters\CFilterChain.php(131): CInlineFilter->filter()
#6 E:\wamp\www\anujain\framework\web\CController.php(292): CFilterChain->run()
#7 E:\wamp\www\anujain\framework\web\CController.php(266): MatrimonyMembersController->runActionWithFilters()
#8 E:\wamp\www\anujain\framework\web\CWebApplication.php(276): MatrimonyMembersController->run()
#9 E:\wamp\www\anujain\framework\web\CWebApplication.php(135): CWebApplication->runController()
#10 E:\wamp\www\anujain\framework\base\CApplication.php(162): CWebApplication->processRequest()
#11 E:\wamp\www\anujain\admin\index.php(11): CWebApplication->run()
REQUEST_URI=/anujain/admin/index.php/matrimonyMembers/uploadImg
2013/11/25 17:39:26 [error] [php] file_exists() [<a href='function.file-exists'>function.file-exists</a>]: Unable to find the wrapper &quot;..http&quot; - did you forget to enable it when you configured PHP? (E:\wamp\www\anujain\admin\protected\controllers\MatrimonyMembersController.php:467)
Stack trace:
#0 unknown(0): MatrimonyMembersController->actionUpdate()
#1 E:\wamp\www\anujain\framework\web\actions\CAction.php(107): ReflectionMethod->invokeArgs()
#2 E:\wamp\www\anujain\framework\web\actions\CInlineAction.php(48): CInlineAction->runWithParamsInternal()
#3 E:\wamp\www\anujain\framework\web\CController.php(309): CInlineAction->runWithParams()
#4 E:\wamp\www\anujain\framework\web\filters\CFilterChain.php(134): MatrimonyMembersController->runAction()
#5 E:\wamp\www\anujain\framework\web\filters\CFilter.php(41): CFilterChain->run()
#6 E:\wamp\www\anujain\framework\web\CController.php(1146): CAccessControlFilter->filter()
#7 E:\wamp\www\anujain\framework\web\filters\CInlineFilter.php(59): MatrimonyMembersController->filterAccessControl()
#8 E:\wamp\www\anujain\framework\web\filters\CFilterChain.php(131): CInlineFilter->filter()
#9 E:\wamp\www\anujain\framework\web\CController.php(292): CFilterChain->run()
#10 E:\wamp\www\anujain\framework\web\CController.php(266): MatrimonyMembersController->runActionWithFilters()
#11 E:\wamp\www\anujain\framework\web\CWebApplication.php(276): MatrimonyMembersController->run()
#12 E:\wamp\www\anujain\framework\web\CWebApplication.php(135): CWebApplication->runController()
#13 E:\wamp\www\anujain\framework\base\CApplication.php(162): CWebApplication->processRequest()
#14 E:\wamp\www\anujain\admin\index.php(11): CWebApplication->run()
REQUEST_URI=/anujain/admin/index.php/matrimonyMembers/update/id/75
2013/11/25 17:39:30 [error] [php] file_exists() [<a href='function.file-exists'>function.file-exists</a>]: Unable to find the wrapper &quot;..http&quot; - did you forget to enable it when you configured PHP? (E:\wamp\www\anujain\admin\protected\controllers\MatrimonyMembersController.php:467)
Stack trace:
#0 unknown(0): MatrimonyMembersController->actionUpdate()
#1 E:\wamp\www\anujain\framework\web\actions\CAction.php(107): ReflectionMethod->invokeArgs()
#2 E:\wamp\www\anujain\framework\web\actions\CInlineAction.php(48): CInlineAction->runWithParamsInternal()
#3 E:\wamp\www\anujain\framework\web\CController.php(309): CInlineAction->runWithParams()
#4 E:\wamp\www\anujain\framework\web\filters\CFilterChain.php(134): MatrimonyMembersController->runAction()
#5 E:\wamp\www\anujain\framework\web\filters\CFilter.php(41): CFilterChain->run()
#6 E:\wamp\www\anujain\framework\web\CController.php(1146): CAccessControlFilter->filter()
#7 E:\wamp\www\anujain\framework\web\filters\CInlineFilter.php(59): MatrimonyMembersController->filterAccessControl()
#8 E:\wamp\www\anujain\framework\web\filters\CFilterChain.php(131): CInlineFilter->filter()
#9 E:\wamp\www\anujain\framework\web\CController.php(292): CFilterChain->run()
#10 E:\wamp\www\anujain\framework\web\CController.php(266): MatrimonyMembersController->runActionWithFilters()
#11 E:\wamp\www\anujain\framework\web\CWebApplication.php(276): MatrimonyMembersController->run()
#12 E:\wamp\www\anujain\framework\web\CWebApplication.php(135): CWebApplication->runController()
#13 E:\wamp\www\anujain\framework\base\CApplication.php(162): CWebApplication->processRequest()
#14 E:\wamp\www\anujain\admin\index.php(11): CWebApplication->run()
REQUEST_URI=/anujain/admin/index.php/matrimonyMembers/update/id/75
2013/11/25 17:39:43 [error] [php] file_exists() [<a href='function.file-exists'>function.file-exists</a>]: Unable to find the wrapper &quot;..http&quot; - did you forget to enable it when you configured PHP? (E:\wamp\www\anujain\admin\protected\controllers\MatrimonyMembersController.php:467)
Stack trace:
#0 unknown(0): MatrimonyMembersController->actionUpdate()
#1 E:\wamp\www\anujain\framework\web\actions\CAction.php(107): ReflectionMethod->invokeArgs()
#2 E:\wamp\www\anujain\framework\web\actions\CInlineAction.php(48): CInlineAction->runWithParamsInternal()
#3 E:\wamp\www\anujain\framework\web\CController.php(309): CInlineAction->runWithParams()
#4 E:\wamp\www\anujain\framework\web\filters\CFilterChain.php(134): MatrimonyMembersController->runAction()
#5 E:\wamp\www\anujain\framework\web\filters\CFilter.php(41): CFilterChain->run()
#6 E:\wamp\www\anujain\framework\web\CController.php(1146): CAccessControlFilter->filter()
#7 E:\wamp\www\anujain\framework\web\filters\CInlineFilter.php(59): MatrimonyMembersController->filterAccessControl()
#8 E:\wamp\www\anujain\framework\web\filters\CFilterChain.php(131): CInlineFilter->filter()
#9 E:\wamp\www\anujain\framework\web\CController.php(292): CFilterChain->run()
#10 E:\wamp\www\anujain\framework\web\CController.php(266): MatrimonyMembersController->runActionWithFilters()
#11 E:\wamp\www\anujain\framework\web\CWebApplication.php(276): MatrimonyMembersController->run()
#12 E:\wamp\www\anujain\framework\web\CWebApplication.php(135): CWebApplication->runController()
#13 E:\wamp\www\anujain\framework\base\CApplication.php(162): CWebApplication->processRequest()
#14 E:\wamp\www\anujain\admin\index.php(11): CWebApplication->run()
REQUEST_URI=/anujain/admin/index.php/matrimonyMembers/update/id/75
2013/11/25 17:39:44 [error] [php] file_exists() [<a href='function.file-exists'>function.file-exists</a>]: Unable to find the wrapper &quot;..http&quot; - did you forget to enable it when you configured PHP? (E:\wamp\www\anujain\admin\protected\controllers\MatrimonyMembersController.php:467)
Stack trace:
#0 unknown(0): MatrimonyMembersController->actionUpdate()
#1 E:\wamp\www\anujain\framework\web\actions\CAction.php(107): ReflectionMethod->invokeArgs()
#2 E:\wamp\www\anujain\framework\web\actions\CInlineAction.php(48): CInlineAction->runWithParamsInternal()
#3 E:\wamp\www\anujain\framework\web\CController.php(309): CInlineAction->runWithParams()
#4 E:\wamp\www\anujain\framework\web\filters\CFilterChain.php(134): MatrimonyMembersController->runAction()
#5 E:\wamp\www\anujain\framework\web\filters\CFilter.php(41): CFilterChain->run()
#6 E:\wamp\www\anujain\framework\web\CController.php(1146): CAccessControlFilter->filter()
#7 E:\wamp\www\anujain\framework\web\filters\CInlineFilter.php(59): MatrimonyMembersController->filterAccessControl()
#8 E:\wamp\www\anujain\framework\web\filters\CFilterChain.php(131): CInlineFilter->filter()
#9 E:\wamp\www\anujain\framework\web\CController.php(292): CFilterChain->run()
#10 E:\wamp\www\anujain\framework\web\CController.php(266): MatrimonyMembersController->runActionWithFilters()
#11 E:\wamp\www\anujain\framework\web\CWebApplication.php(276): MatrimonyMembersController->run()
#12 E:\wamp\www\anujain\framework\web\CWebApplication.php(135): CWebApplication->runController()
#13 E:\wamp\www\anujain\framework\base\CApplication.php(162): CWebApplication->processRequest()
#14 E:\wamp\www\anujain\admin\index.php(11): CWebApplication->run()
REQUEST_URI=/anujain/admin/index.php/matrimonyMembers/update/id/75
2013/11/25 17:39:59 [error] [php] file_exists() [<a href='function.file-exists'>function.file-exists</a>]: Unable to find the wrapper &quot;..http&quot; - did you forget to enable it when you configured PHP? (E:\wamp\www\anujain\admin\protected\controllers\MatrimonyMembersController.php:467)
Stack trace:
#0 unknown(0): MatrimonyMembersController->actionUpdate()
#1 E:\wamp\www\anujain\framework\web\actions\CAction.php(107): ReflectionMethod->invokeArgs()
#2 E:\wamp\www\anujain\framework\web\actions\CInlineAction.php(48): CInlineAction->runWithParamsInternal()
#3 E:\wamp\www\anujain\framework\web\CController.php(309): CInlineAction->runWithParams()
#4 E:\wamp\www\anujain\framework\web\filters\CFilterChain.php(134): MatrimonyMembersController->runAction()
#5 E:\wamp\www\anujain\framework\web\filters\CFilter.php(41): CFilterChain->run()
#6 E:\wamp\www\anujain\framework\web\CController.php(1146): CAccessControlFilter->filter()
#7 E:\wamp\www\anujain\framework\web\filters\CInlineFilter.php(59): MatrimonyMembersController->filterAccessControl()
#8 E:\wamp\www\anujain\framework\web\filters\CFilterChain.php(131): CInlineFilter->filter()
#9 E:\wamp\www\anujain\framework\web\CController.php(292): CFilterChain->run()
#10 E:\wamp\www\anujain\framework\web\CController.php(266): MatrimonyMembersController->runActionWithFilters()
#11 E:\wamp\www\anujain\framework\web\CWebApplication.php(276): MatrimonyMembersController->run()
#12 E:\wamp\www\anujain\framework\web\CWebApplication.php(135): CWebApplication->runController()
#13 E:\wamp\www\anujain\framework\base\CApplication.php(162): CWebApplication->processRequest()
#14 E:\wamp\www\anujain\admin\index.php(11): CWebApplication->run()
REQUEST_URI=/anujain/admin/index.php/matrimonyMembers/update/id/75
2013/11/25 17:42:24 [error] [php] file_exists() [<a href='function.file-exists'>function.file-exists</a>]: Unable to find the wrapper &quot;..http&quot; - did you forget to enable it when you configured PHP? (E:\wamp\www\anujain\admin\protected\controllers\MatrimonyMembersController.php:467)
Stack trace:
#0 unknown(0): MatrimonyMembersController->actionUpdate()
#1 E:\wamp\www\anujain\framework\web\actions\CAction.php(107): ReflectionMethod->invokeArgs()
#2 E:\wamp\www\anujain\framework\web\actions\CInlineAction.php(48): CInlineAction->runWithParamsInternal()
#3 E:\wamp\www\anujain\framework\web\CController.php(309): CInlineAction->runWithParams()
#4 E:\wamp\www\anujain\framework\web\filters\CFilterChain.php(134): MatrimonyMembersController->runAction()
#5 E:\wamp\www\anujain\framework\web\filters\CFilter.php(41): CFilterChain->run()
#6 E:\wamp\www\anujain\framework\web\CController.php(1146): CAccessControlFilter->filter()
#7 E:\wamp\www\anujain\framework\web\filters\CInlineFilter.php(59): MatrimonyMembersController->filterAccessControl()
#8 E:\wamp\www\anujain\framework\web\filters\CFilterChain.php(131): CInlineFilter->filter()
#9 E:\wamp\www\anujain\framework\web\CController.php(292): CFilterChain->run()
#10 E:\wamp\www\anujain\framework\web\CController.php(266): MatrimonyMembersController->runActionWithFilters()
#11 E:\wamp\www\anujain\framework\web\CWebApplication.php(276): MatrimonyMembersController->run()
#12 E:\wamp\www\anujain\framework\web\CWebApplication.php(135): CWebApplication->runController()
#13 E:\wamp\www\anujain\framework\base\CApplication.php(162): CWebApplication->processRequest()
#14 E:\wamp\www\anujain\admin\index.php(11): CWebApplication->run()
REQUEST_URI=/anujain/admin/index.php/matrimonyMembers/update/id/75
2013/11/25 17:44:46 [error] [php] move_uploaded_file(E:\wamp\www\anujain/resources/temp/1385401486.jpg) [<a href='function.move-uploaded-file'>function.move-uploaded-file</a>]: failed to open stream: No such file or directory (E:\wamp\www\anujain\admin\protected\controllers\MatrimonyMembersController.php:427)
Stack trace:
#0 E:\wamp\www\anujain\framework\web\CController.php(309): CInlineAction->runWithParams()
#1 E:\wamp\www\anujain\framework\web\filters\CFilterChain.php(134): MatrimonyMembersController->runAction()
#2 E:\wamp\www\anujain\framework\web\filters\CFilter.php(41): CFilterChain->run()
#3 E:\wamp\www\anujain\framework\web\CController.php(1146): CAccessControlFilter->filter()
#4 E:\wamp\www\anujain\framework\web\filters\CInlineFilter.php(59): MatrimonyMembersController->filterAccessControl()
#5 E:\wamp\www\anujain\framework\web\filters\CFilterChain.php(131): CInlineFilter->filter()
#6 E:\wamp\www\anujain\framework\web\CController.php(292): CFilterChain->run()
#7 E:\wamp\www\anujain\framework\web\CController.php(266): MatrimonyMembersController->runActionWithFilters()
#8 E:\wamp\www\anujain\framework\web\CWebApplication.php(276): MatrimonyMembersController->run()
#9 E:\wamp\www\anujain\framework\web\CWebApplication.php(135): CWebApplication->runController()
#10 E:\wamp\www\anujain\framework\base\CApplication.php(162): CWebApplication->processRequest()
#11 E:\wamp\www\anujain\admin\index.php(11): CWebApplication->run()
REQUEST_URI=/anujain/admin/index.php/matrimonyMembers/uploadImg
2013/11/25 18:04:25 [error] [php] scandir(/resources/temp,/resources/temp) [<a href='function.scandir'>function.scandir</a>]: The system cannot find the path specified. (code: 3) (E:\wamp\www\anujain\admin\protected\components\Controller.php:32)
Stack trace:
#0 E:\wamp\www\anujain\framework\web\CWebApplication.php(135): CWebApplication->runController()
#1 E:\wamp\www\anujain\framework\base\CApplication.php(162): CWebApplication->processRequest()
#2 E:\wamp\www\anujain\admin\index.php(11): CWebApplication->run()
REQUEST_URI=/anujain/admin/
2013/11/25 18:09:22 [error] [php] scandir(/resources/temp,/resources/temp) [<a href='function.scandir'>function.scandir</a>]: The system cannot find the path specified. (code: 3) (E:\wamp\www\anujain\admin\protected\components\Controller.php:32)
Stack trace:
#0 E:\wamp\www\anujain\framework\web\CWebApplication.php(135): CWebApplication->runController()
#1 E:\wamp\www\anujain\framework\base\CApplication.php(162): CWebApplication->processRequest()
#2 E:\wamp\www\anujain\admin\index.php(11): CWebApplication->run()
REQUEST_URI=/admin/index.php
2013/11/25 18:10:32 [error] [php] scandir(/admin/resources/temp,/admin/resources/temp) [<a href='function.scandir'>function.scandir</a>]: The system cannot find the path specified. (code: 3) (E:\wamp\www\anujain\admin\protected\components\Controller.php:32)
Stack trace:
#0 E:\wamp\www\anujain\framework\web\CWebApplication.php(135): CWebApplication->runController()
#1 E:\wamp\www\anujain\framework\base\CApplication.php(162): CWebApplication->processRequest()
#2 E:\wamp\www\anujain\admin\index.php(11): CWebApplication->run()
REQUEST_URI=/admin/index.php
2013/11/25 18:10:36 [error] [php] scandir(/admin/resources/temp,/admin/resources/temp) [<a href='function.scandir'>function.scandir</a>]: The system cannot find the path specified. (code: 3) (E:\wamp\www\anujain\admin\protected\components\Controller.php:32)
Stack trace:
#0 E:\wamp\www\anujain\framework\web\CWebApplication.php(135): CWebApplication->runController()
#1 E:\wamp\www\anujain\framework\base\CApplication.php(162): CWebApplication->processRequest()
#2 E:\wamp\www\anujain\admin\index.php(11): CWebApplication->run()
REQUEST_URI=/admin/index.php
2013/11/25 18:12:45 [error] [php] move_uploaded_file(E:\wamp\www\anujainresources/temp/1385403165.jpg) [<a href='function.move-uploaded-file'>function.move-uploaded-file</a>]: failed to open stream: No such file or directory (E:\wamp\www\anujain\admin\protected\controllers\MatrimonyMembersController.php:427)
Stack trace:
#0 E:\wamp\www\anujain\framework\web\CController.php(309): CInlineAction->runWithParams()
#1 E:\wamp\www\anujain\framework\web\filters\CFilterChain.php(134): MatrimonyMembersController->runAction()
#2 E:\wamp\www\anujain\framework\web\filters\CFilter.php(41): CFilterChain->run()
#3 E:\wamp\www\anujain\framework\web\CController.php(1146): CAccessControlFilter->filter()
#4 E:\wamp\www\anujain\framework\web\filters\CInlineFilter.php(59): MatrimonyMembersController->filterAccessControl()
#5 E:\wamp\www\anujain\framework\web\filters\CFilterChain.php(131): CInlineFilter->filter()
#6 E:\wamp\www\anujain\framework\web\CController.php(292): CFilterChain->run()
#7 E:\wamp\www\anujain\framework\web\CController.php(266): MatrimonyMembersController->runActionWithFilters()
#8 E:\wamp\www\anujain\framework\web\CWebApplication.php(276): MatrimonyMembersController->run()
#9 E:\wamp\www\anujain\framework\web\CWebApplication.php(135): CWebApplication->runController()
#10 E:\wamp\www\anujain\framework\base\CApplication.php(162): CWebApplication->processRequest()
#11 E:\wamp\www\anujain\admin\index.php(11): CWebApplication->run()
REQUEST_URI=/admin/index.php/matrimonyMembers/uploadImg
2013/11/25 18:16:04 [error] [php] scandir(/resources/temp,/resources/temp) [<a href='function.scandir'>function.scandir</a>]: The system cannot find the path specified. (code: 3) (E:\wamp\www\anujain\admin\protected\components\Controller.php:32)
Stack trace:
#0 E:\wamp\www\anujain\framework\web\CWebApplication.php(135): CWebApplication->runController()
#1 E:\wamp\www\anujain\framework\base\CApplication.php(162): CWebApplication->processRequest()
#2 E:\wamp\www\anujain\admin\index.php(11): CWebApplication->run()
REQUEST_URI=/admin/index.php
2013/11/25 18:16:34 [error] [php] scandir(../resources/temp,../resources/temp) [<a href='function.scandir'>function.scandir</a>]: The system cannot find the path specified. (code: 3) (E:\wamp\www\anujain\admin\protected\components\Controller.php:32)
Stack trace:
#0 E:\wamp\www\anujain\framework\web\CWebApplication.php(135): CWebApplication->runController()
#1 E:\wamp\www\anujain\framework\base\CApplication.php(162): CWebApplication->processRequest()
#2 E:\wamp\www\anujain\admin\index.php(11): CWebApplication->run()
REQUEST_URI=/admin/index.php
2013/11/25 18:16:37 [error] [php] scandir(../resources/temp,../resources/temp) [<a href='function.scandir'>function.scandir</a>]: The system cannot find the path specified. (code: 3) (E:\wamp\www\anujain\admin\protected\components\Controller.php:32)
Stack trace:
#0 E:\wamp\www\anujain\framework\web\CWebApplication.php(135): CWebApplication->runController()
#1 E:\wamp\www\anujain\framework\base\CApplication.php(162): CWebApplication->processRequest()
#2 E:\wamp\www\anujain\admin\index.php(11): CWebApplication->run()
REQUEST_URI=/admin/index.php
2013/11/25 18:16:37 [error] [php] scandir(../resources/temp,../resources/temp) [<a href='function.scandir'>function.scandir</a>]: The system cannot find the path specified. (code: 3) (E:\wamp\www\anujain\admin\protected\components\Controller.php:32)
Stack trace:
#0 E:\wamp\www\anujain\framework\web\CWebApplication.php(135): CWebApplication->runController()
#1 E:\wamp\www\anujain\framework\base\CApplication.php(162): CWebApplication->processRequest()
#2 E:\wamp\www\anujain\admin\index.php(11): CWebApplication->run()
REQUEST_URI=/admin/index.php
2013/11/25 18:16:37 [error] [php] scandir(../resources/temp,../resources/temp) [<a href='function.scandir'>function.scandir</a>]: The system cannot find the path specified. (code: 3) (E:\wamp\www\anujain\admin\protected\components\Controller.php:32)
Stack trace:
#0 E:\wamp\www\anujain\framework\web\CWebApplication.php(135): CWebApplication->runController()
#1 E:\wamp\www\anujain\framework\base\CApplication.php(162): CWebApplication->processRequest()
#2 E:\wamp\www\anujain\admin\index.php(11): CWebApplication->run()
REQUEST_URI=/admin/index.php
2013/11/25 18:16:38 [error] [php] scandir(../resources/temp,../resources/temp) [<a href='function.scandir'>function.scandir</a>]: The system cannot find the path specified. (code: 3) (E:\wamp\www\anujain\admin\protected\components\Controller.php:32)
Stack trace:
#0 E:\wamp\www\anujain\framework\web\CWebApplication.php(135): CWebApplication->runController()
#1 E:\wamp\www\anujain\framework\base\CApplication.php(162): CWebApplication->processRequest()
#2 E:\wamp\www\anujain\admin\index.php(11): CWebApplication->run()
REQUEST_URI=/admin/index.php
2013/11/25 18:16:38 [error] [php] scandir(../resources/temp,../resources/temp) [<a href='function.scandir'>function.scandir</a>]: The system cannot find the path specified. (code: 3) (E:\wamp\www\anujain\admin\protected\components\Controller.php:32)
Stack trace:
#0 E:\wamp\www\anujain\framework\web\CWebApplication.php(135): CWebApplication->runController()
#1 E:\wamp\www\anujain\framework\base\CApplication.php(162): CWebApplication->processRequest()
#2 E:\wamp\www\anujain\admin\index.php(11): CWebApplication->run()
REQUEST_URI=/admin/index.php
2013/11/25 18:20:18 [error] [php] move_uploaded_file(E:\wamp\www\anujain/resources/temp/1385403618.jpg) [<a href='function.move-uploaded-file'>function.move-uploaded-file</a>]: failed to open stream: No such file or directory (E:\wamp\www\anujain\admin\protected\controllers\MatrimonyMembersController.php:427)
Stack trace:
#0 E:\wamp\www\anujain\framework\web\CController.php(309): CInlineAction->runWithParams()
#1 E:\wamp\www\anujain\framework\web\filters\CFilterChain.php(134): MatrimonyMembersController->runAction()
#2 E:\wamp\www\anujain\framework\web\filters\CFilter.php(41): CFilterChain->run()
#3 E:\wamp\www\anujain\framework\web\CController.php(1146): CAccessControlFilter->filter()
#4 E:\wamp\www\anujain\framework\web\filters\CInlineFilter.php(59): MatrimonyMembersController->filterAccessControl()
#5 E:\wamp\www\anujain\framework\web\filters\CFilterChain.php(131): CInlineFilter->filter()
#6 E:\wamp\www\anujain\framework\web\CController.php(292): CFilterChain->run()
#7 E:\wamp\www\anujain\framework\web\CController.php(266): MatrimonyMembersController->runActionWithFilters()
#8 E:\wamp\www\anujain\framework\web\CWebApplication.php(276): MatrimonyMembersController->run()
#9 E:\wamp\www\anujain\framework\web\CWebApplication.php(135): CWebApplication->runController()
#10 E:\wamp\www\anujain\framework\base\CApplication.php(162): CWebApplication->processRequest()
#11 E:\wamp\www\anujain\admin\index.php(11): CWebApplication->run()
REQUEST_URI=/admin/index.php/matrimonyMembers/uploadImg
2013/11/25 18:23:06 [error] [php] imagejpeg() [<a href='function.imagejpeg'>function.imagejpeg</a>]: Unable to open 'http://localhost/matrimony/resources/membersphoto/BJM0076_xJtOF_P.jpg' for writing: Invalid argument (E:\wamp\www\anujain\admin\protected\controllers\MatrimonyMembersController.php:319)
Stack trace:
#0 E:\wamp\www\anujain\framework\web\actions\CAction.php(107): ReflectionMethod->invokeArgs()
#1 E:\wamp\www\anujain\framework\web\actions\CInlineAction.php(48): CInlineAction->runWithParamsInternal()
#2 E:\wamp\www\anujain\framework\web\CController.php(309): CInlineAction->runWithParams()
#3 E:\wamp\www\anujain\framework\web\filters\CFilterChain.php(134): MatrimonyMembersController->runAction()
#4 E:\wamp\www\anujain\framework\web\filters\CFilter.php(41): CFilterChain->run()
#5 E:\wamp\www\anujain\framework\web\CController.php(1146): CAccessControlFilter->filter()
#6 E:\wamp\www\anujain\framework\web\filters\CInlineFilter.php(59): MatrimonyMembersController->filterAccessControl()
#7 E:\wamp\www\anujain\framework\web\filters\CFilterChain.php(131): CInlineFilter->filter()
#8 E:\wamp\www\anujain\framework\web\CController.php(292): CFilterChain->run()
#9 E:\wamp\www\anujain\framework\web\CController.php(266): MatrimonyMembersController->runActionWithFilters()
#10 E:\wamp\www\anujain\framework\web\CWebApplication.php(276): MatrimonyMembersController->run()
#11 E:\wamp\www\anujain\framework\web\CWebApplication.php(135): CWebApplication->runController()
#12 E:\wamp\www\anujain\framework\base\CApplication.php(162): CWebApplication->processRequest()
#13 E:\wamp\www\anujain\admin\index.php(11): CWebApplication->run()
REQUEST_URI=/admin/index.php/matrimonyMembers/update/id/92
2013/11/26 16:42:46 [error] [php] imagejpeg() [<a href='function.imagejpeg'>function.imagejpeg</a>]: Unable to open '/../matrimony/resources/membersphoto/BJM0076_WM7HE_P.jpg' for writing: No such file or directory (E:\wamp\www\anujain\admin\protected\controllers\MatrimonyMembersController.php:319)
Stack trace:
#0 E:\wamp\www\anujain\framework\web\actions\CAction.php(107): ReflectionMethod->invokeArgs()
#1 E:\wamp\www\anujain\framework\web\actions\CInlineAction.php(48): CInlineAction->runWithParamsInternal()
#2 E:\wamp\www\anujain\framework\web\CController.php(309): CInlineAction->runWithParams()
#3 E:\wamp\www\anujain\framework\web\filters\CFilterChain.php(134): MatrimonyMembersController->runAction()
#4 E:\wamp\www\anujain\framework\web\filters\CFilter.php(41): CFilterChain->run()
#5 E:\wamp\www\anujain\framework\web\CController.php(1146): CAccessControlFilter->filter()
#6 E:\wamp\www\anujain\framework\web\filters\CInlineFilter.php(59): MatrimonyMembersController->filterAccessControl()
#7 E:\wamp\www\anujain\framework\web\filters\CFilterChain.php(131): CInlineFilter->filter()
#8 E:\wamp\www\anujain\framework\web\CController.php(292): CFilterChain->run()
#9 E:\wamp\www\anujain\framework\web\CController.php(266): MatrimonyMembersController->runActionWithFilters()
#10 E:\wamp\www\anujain\framework\web\CWebApplication.php(276): MatrimonyMembersController->run()
#11 E:\wamp\www\anujain\framework\web\CWebApplication.php(135): CWebApplication->runController()
#12 E:\wamp\www\anujain\framework\base\CApplication.php(162): CWebApplication->processRequest()
#13 E:\wamp\www\anujain\admin\index.php(11): CWebApplication->run()
REQUEST_URI=/admin/index.php/matrimonyMembers/update/id/92
2013/11/26 17:14:11 [error] [exception.CHttpException.404] exception 'CHttpException' with message 'The requested page does not exist.' in E:\wamp\www\anujain\admin\protected\controllers\AdvertisementController.php:371
Stack trace:
#0 E:\wamp\www\anujain\admin\protected\controllers\AdvertisementController.php(157): AdvertisementController->loadModel('6')
#1 [internal function]: AdvertisementController->actionUpdate('6')
#2 E:\wamp\www\anujain\framework\web\actions\CAction.php(107): ReflectionMethod->invokeArgs(Object(AdvertisementController), Array)
#3 E:\wamp\www\anujain\framework\web\actions\CInlineAction.php(48): CAction->runWithParamsInternal(Object(AdvertisementController), Object(ReflectionMethod), Array)
#4 E:\wamp\www\anujain\framework\web\CController.php(309): CInlineAction->runWithParams(Array)
#5 E:\wamp\www\anujain\framework\web\filters\CFilterChain.php(134): CController->runAction(Object(CInlineAction))
#6 E:\wamp\www\anujain\framework\web\filters\CFilter.php(41): CFilterChain->run()
#7 E:\wamp\www\anujain\framework\web\CController.php(1146): CFilter->filter(Object(CFilterChain))
#8 E:\wamp\www\anujain\framework\web\filters\CInlineFilter.php(59): CController->filterAccessControl(Object(CFilterChain))
#9 E:\wamp\www\anujain\framework\web\filters\CFilterChain.php(131): CInlineFilter->filter(Object(CFilterChain))
#10 E:\wamp\www\anujain\framework\web\CController.php(292): CFilterChain->run()
#11 E:\wamp\www\anujain\framework\web\CController.php(266): CController->runActionWithFilters(Object(CInlineAction), Array)
#12 E:\wamp\www\anujain\framework\web\CWebApplication.php(276): CController->run('update')
#13 E:\wamp\www\anujain\framework\web\CWebApplication.php(135): CWebApplication->runController('advertisement/u...')
#14 E:\wamp\www\anujain\framework\base\CApplication.php(162): CWebApplication->processRequest()
#15 E:\wamp\www\anujain\admin\index.php(11): CApplication->run()
#16 {main}
REQUEST_URI=/admin/index.php/advertisement/update/id/6
---
2013/11/26 17:20:38 [error] [php] move_uploaded_file(E:\wamp\www\anujain/resources/magazines/4.pdf) [<a href='function.move-uploaded-file'>function.move-uploaded-file</a>]: failed to open stream: No such file or directory (E:\wamp\www\anujain\framework\web\CUploadedFile.php:197)
Stack trace:
#0 E:\wamp\www\anujain\framework\web\actions\CInlineAction.php(50): MagazineController->actionCreate()
#1 E:\wamp\www\anujain\framework\web\CController.php(309): CInlineAction->runWithParams()
#2 E:\wamp\www\anujain\framework\web\filters\CFilterChain.php(134): MagazineController->runAction()
#3 E:\wamp\www\anujain\framework\web\filters\CFilter.php(41): CFilterChain->run()
#4 E:\wamp\www\anujain\framework\web\CController.php(1146): CAccessControlFilter->filter()
#5 E:\wamp\www\anujain\framework\web\filters\CInlineFilter.php(59): MagazineController->filterAccessControl()
#6 E:\wamp\www\anujain\framework\web\filters\CFilterChain.php(131): CInlineFilter->filter()
#7 E:\wamp\www\anujain\framework\web\CController.php(292): CFilterChain->run()
#8 E:\wamp\www\anujain\framework\web\CController.php(266): MagazineController->runActionWithFilters()
#9 E:\wamp\www\anujain\framework\web\CWebApplication.php(276): MagazineController->run()
#10 E:\wamp\www\anujain\framework\web\CWebApplication.php(135): CWebApplication->runController()
#11 E:\wamp\www\anujain\framework\base\CApplication.php(162): CWebApplication->processRequest()
#12 E:\wamp\www\anujain\admin\index.php(11): CWebApplication->run()
REQUEST_URI=/admin/index.php/magazine/create
2013/12/13 18:13:46 [error] [exception.CHttpException.404] exception 'CHttpException' with message 'The system is unable to find the requested action "favicon.ico".' in E:\wamp\www\anujain\framework\web\CController.php:484
Stack trace:
#0 E:\wamp\www\anujain\framework\web\CController.php(271): CController->missingAction('favicon.ico')
#1 E:\wamp\www\anujain\framework\web\CWebApplication.php(276): CController->run('favicon.ico')
#2 E:\wamp\www\anujain\framework\web\CWebApplication.php(135): CWebApplication->runController('site/favicon.ic...')
#3 E:\wamp\www\anujain\framework\base\CApplication.php(162): CWebApplication->processRequest()
#4 E:\wamp\www\anujain\admin\index.php(11): CApplication->run()
#5 {main}
REQUEST_URI=/admin/index.php/site/favicon.ico
---
2013/12/13 18:13:50 [error] [exception.CHttpException.404] exception 'CHttpException' with message 'The system is unable to find the requested action "favicon.ico".' in E:\wamp\www\anujain\framework\web\CController.php:484
Stack trace:
#0 E:\wamp\www\anujain\framework\web\CController.php(271): CController->missingAction('favicon.ico')
#1 E:\wamp\www\anujain\framework\web\CWebApplication.php(276): CController->run('favicon.ico')
#2 E:\wamp\www\anujain\framework\web\CWebApplication.php(135): CWebApplication->runController('matrimonyMember...')
#3 E:\wamp\www\anujain\framework\base\CApplication.php(162): CWebApplication->processRequest()
#4 E:\wamp\www\anujain\admin\index.php(11): CApplication->run()
#5 {main}
REQUEST_URI=/admin/index.php/matrimonyMembers/favicon.ico
---
2013/12/14 10:43:22 [error] [exception.CHttpException.404] exception 'CHttpException' with message 'The system is unable to find the requested action "favicon.ico".' in E:\wamp\www\anujain\framework\web\CController.php:484
Stack trace:
#0 E:\wamp\www\anujain\framework\web\CController.php(271): CController->missingAction('favicon.ico')
#1 E:\wamp\www\anujain\framework\web\CWebApplication.php(276): CController->run('favicon.ico')
#2 E:\wamp\www\anujain\framework\web\CWebApplication.php(135): CWebApplication->runController('site/favicon.ic...')
#3 E:\wamp\www\anujain\framework\base\CApplication.php(162): CWebApplication->processRequest()
#4 E:\wamp\www\anujain\admin\index.php(11): CApplication->run()
#5 {main}
REQUEST_URI=/admin/index.php/site/favicon.ico
---
2013/12/14 10:43:33 [error] [exception.CHttpException.404] exception 'CHttpException' with message 'The system is unable to find the requested action "favicon.ico".' in E:\wamp\www\anujain\framework\web\CController.php:484
Stack trace:
#0 E:\wamp\www\anujain\framework\web\CController.php(271): CController->missingAction('favicon.ico')
#1 E:\wamp\www\anujain\framework\web\CWebApplication.php(276): CController->run('favicon.ico')
#2 E:\wamp\www\anujain\framework\web\CWebApplication.php(135): CWebApplication->runController('matrimonyMember...')
#3 E:\wamp\www\anujain\framework\base\CApplication.php(162): CWebApplication->processRequest()
#4 E:\wamp\www\anujain\admin\index.php(11): CApplication->run()
#5 {main}
REQUEST_URI=/admin/index.php/matrimonyMembers/favicon.ico
---
2013/12/18 15:14:32 [error] [exception.CHttpException.404] exception 'CHttpException' with message 'The system is unable to find the requested action "favicon.ico".' in E:\wamp\www\anujain\framework\web\CController.php:484
Stack trace:
#0 E:\wamp\www\anujain\framework\web\CController.php(271): CController->missingAction('favicon.ico')
#1 E:\wamp\www\anujain\framework\web\CWebApplication.php(276): CController->run('favicon.ico')
#2 E:\wamp\www\anujain\framework\web\CWebApplication.php(135): CWebApplication->runController('site/favicon.ic...')
#3 E:\wamp\www\anujain\framework\base\CApplication.php(162): CWebApplication->processRequest()
#4 E:\wamp\www\anujain\admin\index.php(11): CApplication->run()
#5 {main}
REQUEST_URI=/admin/index.php/site/favicon.ico
---
2013/12/18 15:14:36 [error] [exception.CHttpException.404] exception 'CHttpException' with message 'The system is unable to find the requested action "favicon.ico".' in E:\wamp\www\anujain\framework\web\CController.php:484
Stack trace:
#0 E:\wamp\www\anujain\framework\web\CController.php(271): CController->missingAction('favicon.ico')
#1 E:\wamp\www\anujain\framework\web\CWebApplication.php(276): CController->run('favicon.ico')
#2 E:\wamp\www\anujain\framework\web\CWebApplication.php(135): CWebApplication->runController('advertisement/f...')
#3 E:\wamp\www\anujain\framework\base\CApplication.php(162): CWebApplication->processRequest()
#4 E:\wamp\www\anujain\admin\index.php(11): CApplication->run()
#5 {main}
REQUEST_URI=/admin/index.php/advertisement/favicon.ico
---
2013/12/18 15:14:43 [error] [exception.CHttpException.404] exception 'CHttpException' with message 'The requested page does not exist.' in E:\wamp\www\anujain\admin\protected\controllers\AdvertisementController.php:371
Stack trace:
#0 E:\wamp\www\anujain\admin\protected\controllers\AdvertisementController.php(157): AdvertisementController->loadModel('favicon.ico')
#1 [internal function]: AdvertisementController->actionUpdate('favicon.ico')
#2 E:\wamp\www\anujain\framework\web\actions\CAction.php(107): ReflectionMethod->invokeArgs(Object(AdvertisementController), Array)
#3 E:\wamp\www\anujain\framework\web\actions\CInlineAction.php(48): CAction->runWithParamsInternal(Object(AdvertisementController), Object(ReflectionMethod), Array)
#4 E:\wamp\www\anujain\framework\web\CController.php(309): CInlineAction->runWithParams(Array)
#5 E:\wamp\www\anujain\framework\web\filters\CFilterChain.php(134): CController->runAction(Object(CInlineAction))
#6 E:\wamp\www\anujain\framework\web\filters\CFilter.php(41): CFilterChain->run()
#7 E:\wamp\www\anujain\framework\web\CController.php(1146): CFilter->filter(Object(CFilterChain))
#8 E:\wamp\www\anujain\framework\web\filters\CInlineFilter.php(59): CController->filterAccessControl(Object(CFilterChain))
#9 E:\wamp\www\anujain\framework\web\filters\CFilterChain.php(131): CInlineFilter->filter(Object(CFilterChain))
#10 E:\wamp\www\anujain\framework\web\CController.php(292): CFilterChain->run()
#11 E:\wamp\www\anujain\framework\web\CController.php(266): CController->runActionWithFilters(Object(CInlineAction), Array)
#12 E:\wamp\www\anujain\framework\web\CWebApplication.php(276): CController->run('update')
#13 E:\wamp\www\anujain\framework\web\CWebApplication.php(135): CWebApplication->runController('advertisement/u...')
#14 E:\wamp\www\anujain\framework\base\CApplication.php(162): CWebApplication->processRequest()
#15 E:\wamp\www\anujain\admin\index.php(11): CApplication->run()
#16 {main}
REQUEST_URI=/admin/index.php/advertisement/update/id/favicon.ico
---
2013/12/18 17:43:15 [error] [exception.CHttpException.404] exception 'CHttpException' with message 'The system is unable to find the requested action "favicon.ico".' in E:\wamp\www\anujain\framework\web\CController.php:484
Stack trace:
#0 E:\wamp\www\anujain\framework\web\CController.php(271): CController->missingAction('favicon.ico')
#1 E:\wamp\www\anujain\framework\web\CWebApplication.php(276): CController->run('favicon.ico')
#2 E:\wamp\www\anujain\framework\web\CWebApplication.php(135): CWebApplication->runController('matrimonyMember...')
#3 E:\wamp\www\anujain\framework\base\CApplication.php(162): CWebApplication->processRequest()
#4 E:\wamp\www\anujain\admin\index.php(11): CApplication->run()
#5 {main}
REQUEST_URI=/admin/index.php/matrimonyMembers/favicon.ico
---
2013/12/21 06:35:40 [error] [exception.CHttpException.404] exception 'CHttpException' with message 'The system is unable to find the requested action "favicon.ico".' in E:\wamp\www\anujain\framework\web\CController.php:484
Stack trace:
#0 E:\wamp\www\anujain\framework\web\CController.php(271): CController->missingAction('favicon.ico')
#1 E:\wamp\www\anujain\framework\web\CWebApplication.php(276): CController->run('favicon.ico')
#2 E:\wamp\www\anujain\framework\web\CWebApplication.php(135): CWebApplication->runController('site/favicon.ic...')
#3 E:\wamp\www\anujain\framework\base\CApplication.php(162): CWebApplication->processRequest()
#4 E:\wamp\www\anujain\admin\index.php(11): CApplication->run()
#5 {main}
REQUEST_URI=/admin/index.php/site/favicon.ico
---
2013/12/21 06:35:49 [error] [exception.CHttpException.404] exception 'CHttpException' with message 'The system is unable to find the requested action "favicon.ico".' in E:\wamp\www\anujain\framework\web\CController.php:484
Stack trace:
#0 E:\wamp\www\anujain\framework\web\CController.php(271): CController->missingAction('favicon.ico')
#1 E:\wamp\www\anujain\framework\web\CWebApplication.php(276): CController->run('favicon.ico')
#2 E:\wamp\www\anujain\framework\web\CWebApplication.php(135): CWebApplication->runController('programs/favico...')
#3 E:\wamp\www\anujain\framework\base\CApplication.php(162): CWebApplication->processRequest()
#4 E:\wamp\www\anujain\admin\index.php(11): CApplication->run()
#5 {main}
REQUEST_URI=/admin/index.php/programs/favicon.ico
---
2013/12/21 06:40:44 [error] [exception.CHttpException.404] exception 'CHttpException' with message 'The requested page does not exist.' in E:\wamp\www\anujain\admin\protected\controllers\ProgramsController.php:202
Stack trace:
#0 E:\wamp\www\anujain\admin\protected\controllers\ProgramsController.php(104): ProgramsController->loadModel('favicon.ico')
#1 [internal function]: ProgramsController->actionUpdate('favicon.ico')
#2 E:\wamp\www\anujain\framework\web\actions\CAction.php(107): ReflectionMethod->invokeArgs(Object(ProgramsController), Array)
#3 E:\wamp\www\anujain\framework\web\actions\CInlineAction.php(48): CAction->runWithParamsInternal(Object(ProgramsController), Object(ReflectionMethod), Array)
#4 E:\wamp\www\anujain\framework\web\CController.php(309): CInlineAction->runWithParams(Array)
#5 E:\wamp\www\anujain\framework\web\filters\CFilterChain.php(134): CController->runAction(Object(CInlineAction))
#6 E:\wamp\www\anujain\framework\web\filters\CFilter.php(41): CFilterChain->run()
#7 E:\wamp\www\anujain\framework\web\CController.php(1146): CFilter->filter(Object(CFilterChain))
#8 E:\wamp\www\anujain\framework\web\filters\CInlineFilter.php(59): CController->filterAccessControl(Object(CFilterChain))
#9 E:\wamp\www\anujain\framework\web\filters\CFilterChain.php(131): CInlineFilter->filter(Object(CFilterChain))
#10 E:\wamp\www\anujain\framework\web\CController.php(292): CFilterChain->run()
#11 E:\wamp\www\anujain\framework\web\CController.php(266): CController->runActionWithFilters(Object(CInlineAction), Array)
#12 E:\wamp\www\anujain\framework\web\CWebApplication.php(276): CController->run('update')
#13 E:\wamp\www\anujain\framework\web\CWebApplication.php(135): CWebApplication->runController('programs/update...')
#14 E:\wamp\www\anujain\framework\base\CApplication.php(162): CWebApplication->processRequest()
#15 E:\wamp\www\anujain\admin\index.php(11): CApplication->run()
#16 {main}
REQUEST_URI=/admin/index.php/programs/update/id/favicon.ico
---
2013/12/21 06:40:45 [error] [exception.CHttpException.404] exception 'CHttpException' with message 'The requested page does not exist.' in E:\wamp\www\anujain\admin\protected\controllers\ProgramsController.php:202
Stack trace:
#0 E:\wamp\www\anujain\admin\protected\controllers\ProgramsController.php(104): ProgramsController->loadModel('favicon.ico')
#1 [internal function]: ProgramsController->actionUpdate('favicon.ico')
#2 E:\wamp\www\anujain\framework\web\actions\CAction.php(107): ReflectionMethod->invokeArgs(Object(ProgramsController), Array)
#3 E:\wamp\www\anujain\framework\web\actions\CInlineAction.php(48): CAction->runWithParamsInternal(Object(ProgramsController), Object(ReflectionMethod), Array)
#4 E:\wamp\www\anujain\framework\web\CController.php(309): CInlineAction->runWithParams(Array)
#5 E:\wamp\www\anujain\framework\web\filters\CFilterChain.php(134): CController->runAction(Object(CInlineAction))
#6 E:\wamp\www\anujain\framework\web\filters\CFilter.php(41): CFilterChain->run()
#7 E:\wamp\www\anujain\framework\web\CController.php(1146): CFilter->filter(Object(CFilterChain))
#8 E:\wamp\www\anujain\framework\web\filters\CInlineFilter.php(59): CController->filterAccessControl(Object(CFilterChain))
#9 E:\wamp\www\anujain\framework\web\filters\CFilterChain.php(131): CInlineFilter->filter(Object(CFilterChain))
#10 E:\wamp\www\anujain\framework\web\CController.php(292): CFilterChain->run()
#11 E:\wamp\www\anujain\framework\web\CController.php(266): CController->runActionWithFilters(Object(CInlineAction), Array)
#12 E:\wamp\www\anujain\framework\web\CWebApplication.php(276): CController->run('update')
#13 E:\wamp\www\anujain\framework\web\CWebApplication.php(135): CWebApplication->runController('programs/update...')
#14 E:\wamp\www\anujain\framework\base\CApplication.php(162): CWebApplication->processRequest()
#15 E:\wamp\www\anujain\admin\index.php(11): CApplication->run()
#16 {main}
REQUEST_URI=/admin/index.php/programs/update/id/favicon.ico
---
2013/12/25 12:45:16 [error] [exception.CHttpException.404] exception 'CHttpException' with message 'The system is unable to find the requested action "favicon.ico".' in E:\wamp\www\anujain\framework\web\CController.php:484
Stack trace:
#0 E:\wamp\www\anujain\framework\web\CController.php(271): CController->missingAction('favicon.ico')
#1 E:\wamp\www\anujain\framework\web\CWebApplication.php(276): CController->run('favicon.ico')
#2 E:\wamp\www\anujain\framework\web\CWebApplication.php(135): CWebApplication->runController('site/favicon.ic...')
#3 E:\wamp\www\anujain\framework\base\CApplication.php(162): CWebApplication->processRequest()
#4 E:\wamp\www\anujain\admin\index.php(11): CApplication->run()
#5 {main}
REQUEST_URI=/admin/index.php/site/favicon.ico
---
2013/12/25 12:45:34 [error] [exception.CHttpException.404] exception 'CHttpException' with message 'The system is unable to find the requested action "favicon.ico".' in E:\wamp\www\anujain\framework\web\CController.php:484
Stack trace:
#0 E:\wamp\www\anujain\framework\web\CController.php(271): CController->missingAction('favicon.ico')
#1 E:\wamp\www\anujain\framework\web\CWebApplication.php(276): CController->run('favicon.ico')
#2 E:\wamp\www\anujain\framework\web\CWebApplication.php(135): CWebApplication->runController('matrimonialPack...')
#3 E:\wamp\www\anujain\framework\base\CApplication.php(162): CWebApplication->processRequest()
#4 E:\wamp\www\anujain\admin\index.php(11): CApplication->run()
#5 {main}
REQUEST_URI=/admin/index.php/matrimonialPackage/favicon.ico
---
2013/12/25 12:46:13 [error] [exception.CHttpException.404] exception 'CHttpException' with message 'The system is unable to find the requested action "favicon.ico".' in E:\wamp\www\anujain\framework\web\CController.php:484
Stack trace:
#0 E:\wamp\www\anujain\framework\web\CController.php(271): CController->missingAction('favicon.ico')
#1 E:\wamp\www\anujain\framework\web\CWebApplication.php(276): CController->run('favicon.ico')
#2 E:\wamp\www\anujain\framework\web\CWebApplication.php(135): CWebApplication->runController('matrimonyMember...')
#3 E:\wamp\www\anujain\framework\base\CApplication.php(162): CWebApplication->processRequest()
#4 E:\wamp\www\anujain\admin\index.php(11): CApplication->run()
#5 {main}
REQUEST_URI=/admin/index.php/matrimonyMembers/favicon.ico
---
